Jul 04, 2021 12:15:58 PM FilePackerUnpacker main
INFO: Application Started, Now Creating frame for login window
Jul 04, 2021 12:15:58 PM FilePackerFront <init>
INFO: To the window of File Packer Front
Jul 04, 2021 12:15:58 PM FilePackerFront <init>
INFO: Moving from window of File Packer Front
Jul 04, 2021 12:31:53 PM FilePackerUnpacker main
INFO: Application Started, Now Creating frame for login window
Jul 04, 2021 12:31:53 PM FilePackerUnpackerLogin <init>
INFO: Creating login window..
Jul 04, 2021 12:31:53 PM FilePackerUnpackerLogin <init>
INFO: Login window created..
Jul 04, 2021 12:32:53 PM FilePackerUnpacker main
INFO: Application Started, Now Creating frame for login window
Jul 04, 2021 12:32:53 PM FilePackerUnpackerLogin <init>
INFO: Creating login window..
Jul 04, 2021 12:32:53 PM FilePackerUnpackerLogin <init>
INFO: Login window created..
Jul 04, 2021 12:39:27 PM FilePackerUnpacker main
INFO: Application Started, Now Creating frame for login window
Jul 04, 2021 12:39:27 PM FilePackerUnpackerLogin <init>
INFO: Creating login window..
Jul 04, 2021 12:39:27 PM FilePackerUnpackerLogin <init>
INFO: Login window created..
Jul 04, 2021 12:53:20 PM FilePackerUnpacker main
INFO: Application Started, Now Creating frame for login window
Jul 04, 2021 12:53:20 PM FilePackerUnpackerLogin <init>
INFO: Creating login window..
Jul 04, 2021 12:53:20 PM FilePackerUnpackerLogin <init>
INFO: Login window created..
Jul 04, 2021 1:58:34 PM FilePackerUnpacker main
INFO: Application Started, Now Creating frame for login window
Jul 04, 2021 1:58:34 PM FilePackerUnpackerLogin <init>
INFO: Creating login window..
Jul 04, 2021 1:58:34 PM FilePackerUnpackerLogin <init>
INFO: Login window created..
Jul 04, 2021 1:58:38 PM RegisterUser <init>
INFO: User Entered into Register window
Jul 04, 2021 1:58:38 PM RegisterUser <init>
INFO: User exiting from Register Window
Jul 04, 2021 1:59:13 PM FilePackerUnpackerLogin <init>
INFO: Creating login window..
Jul 04, 2021 1:59:13 PM FilePackerUnpackerLogin <init>
INFO: Login window created..
Jul 04, 2021 1:59:32 PM FilePackerUnpackerFront <init>
INFO: To the window of File Packer Unpacker Front
Jul 04, 2021 1:59:32 PM FilePackerUnpackerFront <init>
INFO: Moving from window of File Packer Unpacker Front
Jul 04, 2021 1:59:35 PM FilePackerFront <init>
INFO: To the window of File Packer Front
Jul 04, 2021 1:59:35 PM FilePackerFront <init>
INFO: Moving from window of File Packer Front
Jul 04, 2021 5:28:27 PM FilePackerUnpacker main
INFO: Application Started, Now Creating frame for login window
Jul 04, 2021 5:28:28 PM FilePackerUnpackerLogin <init>
INFO: Creating login window..
Jul 04, 2021 5:28:29 PM FilePackerUnpackerLogin <init>
INFO: Login window created..
Jul 04, 2021 5:29:12 PM RegisterUser <init>
INFO: User Entered into Register window
Jul 04, 2021 5:29:12 PM RegisterUser <init>
INFO: User exiting from Register Window
Jul 04, 2021 5:30:05 PM FilePackerUnpackerLogin <init>
INFO: Creating login window..
Jul 04, 2021 5:30:05 PM FilePackerUnpackerLogin <init>
INFO: Login window created..
Jul 04, 2021 5:30:27 PM FilePackerUnpackerFront <init>
INFO: To the window of File Packer Unpacker Front
Jul 04, 2021 5:30:27 PM FilePackerUnpackerFront <init>
INFO: Moving from window of File Packer Unpacker Front
Jul 04, 2021 5:30:59 PM FilePackerFront <init>
INFO: To the window of File Packer Front
Jul 04, 2021 5:30:59 PM FilePackerFront <init>
INFO: Moving from window of File Packer Front
Jul 04, 2021 5:34:45 PM FilePackerUnpackerFront <init>
INFO: To the window of File Packer Unpacker Front
Jul 04, 2021 5:34:45 PM FilePackerUnpackerFront <init>
INFO: Moving from window of File Packer Unpacker Front
Jul 04, 2021 5:34:47 PM FilePackerFront <init>
INFO: To the window of File Packer Front
Jul 04, 2021 5:34:47 PM FilePackerFront <init>
INFO: Moving from window of File Packer Front
Jul 04, 2021 5:35:55 PM FilePacker <init>
INFO: File Packing started..
Jul 04, 2021 5:35:55 PM FilePackerFront submitTask
INFO: Exception occur in FilePackerFront
Jul 04, 2021 5:36:35 PM FilePacker <init>
INFO: File Packing started..
Jul 04, 2021 5:36:37 PM FileEncryption <init>
INFO: File Encryption started..
Jul 04, 2021 5:36:38 PM FileEncryption <init>
INFO: File Encryption completed..
Jul 04, 2021 5:36:38 PM FilePacker <init>
INFO: File Packing completed..
Jul 04, 2021 5:36:38 PM FilePackerUnpackerFront <init>
INFO: To the window of File Packer Unpacker Front
Jul 04, 2021 5:36:38 PM FilePackerUnpackerFront <init>
INFO: Moving from window of File Packer Unpacker Front
Jul 04, 2021 5:39:34 PM FilePackerUnpacker main
INFO: Application Started, Now Creating frame for login window
Jul 04, 2021 5:39:34 PM FilePackerUnpackerLogin <init>
INFO: Creating login window..
Jul 04, 2021 5:39:35 PM FilePackerUnpackerLogin <init>
INFO: Login window created..
Jul 04, 2021 5:39:48 PM FilePackerUnpackerFront <init>
INFO: To the window of File Packer Unpacker Front
Jul 04, 2021 5:39:48 PM FilePackerUnpackerFront <init>
INFO: Moving from window of File Packer Unpacker Front
Jul 04, 2021 5:39:50 PM FilePackerFront <init>
INFO: To the window of File Packer Front
Jul 04, 2021 5:39:50 PM FilePackerFront <init>
INFO: Moving from window of File Packer Front
Jul 04, 2021 5:40:56 PM FilePacker <init>
INFO: File Packing started..
Jul 04, 2021 5:40:57 PM FileEncryption <init>
INFO: File Encryption started..
Jul 04, 2021 5:40:58 PM FileEncryption <init>
INFO: File Encryption completed..
Jul 04, 2021 5:40:58 PM FilePacker <init>
INFO: File Packing completed..
Jul 04, 2021 5:40:58 PM FilePackerUnpackerFront <init>
INFO: To the window of File Packer Unpacker Front
Jul 04, 2021 5:40:58 PM FilePackerUnpackerFront <init>
INFO: Moving from window of File Packer Unpacker Front
Jul 04, 2021 5:42:12 PM FileUnpackerFront <init>
INFO: To the window of File Unpacker Front
Jul 04, 2021 5:42:12 PM FileUnpackerFront <init>
INFO: Moving from window of File Unpacker Front
Jul 04, 2021 5:43:10 PM FileUnpacker <init>
INFO: File Unpacking started..
Jul 04, 2021 5:43:10 PM FileDecryption <init>
INFO: File Decryption started..
Jul 04, 2021 5:43:13 PM FileDecryption <init>
INFO: File Decryption completed..
Jul 04, 2021 5:43:13 PM FileUnpacker <init>
INFO: File Unacking completed..
Jul 04, 2021 5:43:13 PM FileEncryption <init>
INFO: File Encryption started..
Jul 04, 2021 5:43:13 PM FileEncryption <init>
INFO: File Encryption completed..
Jul 04, 2021 5:43:13 PM FilePackerUnpackerFront <init>
INFO: To the window of File Packer Unpacker Front
Jul 04, 2021 5:43:13 PM FilePackerUnpackerFront <init>
INFO: Moving from window of File Packer Unpacker Front
Jul 05, 2021 3:45:11 PM FilePackerUnpacker main
INFO: Application Started, Now Creating frame for login window
Jul 05, 2021 3:45:11 PM FilePackerUnpackerLogin <init>
INFO: Creating login window..
Jul 05, 2021 3:45:13 PM FilePackerUnpackerLogin <init>
INFO: Login window created..
Jul 05, 2021 3:45:51 PM RegisterUser <init>
INFO: User Entered into Register window
Jul 05, 2021 3:45:51 PM RegisterUser <init>
INFO: User exiting from Register Window
Jul 05, 2021 3:46:22 PM FilePackerUnpackerLogin <init>
INFO: Creating login window..
Jul 05, 2021 3:46:22 PM FilePackerUnpackerLogin <init>
INFO: Login window created..
Jul 05, 2021 3:48:09 PM FilePackerUnpacker main
INFO: Application Started, Now Creating frame for login window
Jul 05, 2021 3:48:09 PM FilePackerUnpackerLogin <init>
INFO: Creating login window..
Jul 05, 2021 3:48:09 PM FilePackerUnpackerLogin <init>
INFO: Login window created..
Jul 05, 2021 3:48:20 PM RegisterUser <init>
INFO: User Entered into Register window
Jul 05, 2021 3:48:20 PM RegisterUser <init>
INFO: User exiting from Register Window
Jul 05, 2021 3:48:29 PM FilePackerUnpackerLogin <init>
INFO: Creating login window..
Jul 05, 2021 3:48:29 PM FilePackerUnpackerLogin <init>
INFO: Login window created..
Jul 05, 2021 3:50:59 PM FilePackerUnpacker main
INFO: Application Started, Now Creating frame for login window
Jul 05, 2021 3:50:59 PM FilePackerUnpackerLogin <init>
INFO: Creating login window..
Jul 05, 2021 3:50:59 PM FilePackerUnpackerLogin <init>
INFO: Login window created..
Jul 05, 2021 3:51:13 PM RegisterUser <init>
INFO: User Entered into Register window
Jul 05, 2021 3:51:13 PM RegisterUser <init>
INFO: User exiting from Register Window
Jul 05, 2021 3:52:29 PM FilePackerUnpacker main
INFO: Application Started, Now Creating frame for login window
Jul 05, 2021 3:52:29 PM FilePackerUnpackerLogin <init>
INFO: Creating login window..
Jul 05, 2021 3:52:29 PM FilePackerUnpackerLogin <init>
INFO: Login window created..
Jul 05, 2021 3:52:47 PM RegisterUser <init>
INFO: User Entered into Register window
Jul 05, 2021 3:52:47 PM RegisterUser <init>
INFO: User exiting from Register Window
Jul 05, 2021 3:57:13 PM FilePackerUnpacker main
INFO: Application Started, Now Creating frame for login window
Jul 05, 2021 3:57:13 PM FilePackerUnpackerLogin <init>
INFO: Creating login window..
Jul 05, 2021 3:57:13 PM FilePackerUnpackerLogin <init>
INFO: Login window created..
Jul 05, 2021 3:57:26 PM RegisterUser <init>
INFO: User Entered into Register window
Jul 05, 2021 3:57:26 PM RegisterUser <init>
INFO: User exiting from Register Window
Jul 05, 2021 3:58:04 PM FilePackerUnpackerLogin <init>
INFO: Creating login window..
Jul 05, 2021 3:58:04 PM FilePackerUnpackerLogin <init>
INFO: Login window created..
Jul 05, 2021 3:58:24 PM FilePackerUnpackerFront <init>
INFO: To the window of File Packer Unpacker Front
Jul 05, 2021 3:58:24 PM FilePackerUnpackerFront <init>
INFO: Moving from window of File Packer Unpacker Front
Jul 05, 2021 3:59:01 PM FilePackerFront <init>
INFO: To the window of File Packer Front
Jul 05, 2021 3:59:01 PM FilePackerFront <init>
INFO: Moving from window of File Packer Front
Jul 05, 2021 4:03:47 PM FilePackerUnpacker main
INFO: Application Started, Now Creating frame for login window
Jul 05, 2021 4:03:47 PM FilePackerUnpackerLogin <init>
INFO: Creating login window..
Jul 05, 2021 4:03:47 PM FilePackerUnpackerLogin <init>
INFO: Login window created..
